<?xml version="1.0" encoding="UTF-8"?>
<!-- Generated by org.testng.reporters.JUnitReportReporter -->
<testsuite hostname="LAPTOP-OJ7IS97K" name="TestDemo" tests="1" failures="0" timestamp="27 May 2019 13:16:34 GMT" time="33.005" errors="0">
  <testcase name="testToResizeElement" time="33.005" classname="TestDemo"/>
</testsuite> <!-- TestDemo -->
