<?xml version="1.0" encoding="UTF-8"?>
<!-- Generated by org.testng.reporters.JUnitReportReporter -->
<testsuite skipped="0" hostname="LAPTOP-OJ7IS97K" name="com.w2a.testcases.OpenAccountTest" tests="1" failures="0" timestamp="15 May 2019 10:39:13 GMT" time="2.646" errors="0">
  <testcase name="openAccountTest" time="2.646" classname="com.w2a.testcases.OpenAccountTest"/>
</testsuite> <!-- com.w2a.testcases.OpenAccountTest -->
