<?xml version="1.0" encoding="UTF-8"?>
<!-- Generated by org.testng.reporters.JUnitReportReporter -->
<testsuite skipped="0" hostname="LAPTOP-OJ7IS97K" name="com.w2a.testcases.BankManagerLoginTest" tests="1" failures="0" timestamp="01 Jun 2019 18:12:48 GMT" time="6.149" errors="0">
  <testcase name="bankManagerLoginTest" time="6.149" classname="com.w2a.testcases.BankManagerLoginTest"/>
</testsuite> <!-- com.w2a.testcases.BankManagerLoginTest -->
