<?xml version="1.0" encoding="UTF-8"?>
<!-- Generated by org.testng.reporters.JUnitReportReporter -->
<testsuite skipped="0" hostname="LAPTOP-OJ7IS97K" name="com.w2a.testcases.BankManagerLoginTest" tests="1" failures="0" timestamp="15 May 2019 10:39:13 GMT" time="3.663" errors="0">
  <testcase name="bankManagerLoginTest" time="3.663" classname="com.w2a.testcases.BankManagerLoginTest"/>
</testsuite> <!-- com.w2a.testcases.BankManagerLoginTest -->
