<?xml version="1.0" encoding="UTF-8"?>
<!-- Generated by org.testng.reporters.JUnitReportReporter -->
<testsuite skipped="1" hostname="LAPTOP-OJ7IS97K" name="com.w2a.testcases.AddCustomerTest" tests="4" failures="0" timestamp="01 Jun 2019 18:12:48 GMT" time="14.049" errors="0">
  <testcase name="addCustomerTest" time="4.551" classname="com.w2a.testcases.AddCustomerTest"/>
  <testcase name="addCustomerTest" time="0.000" classname="com.w2a.testcases.AddCustomerTest">
    <skipped/>
  </testcase> <!-- addCustomerTest -->
  <testcase name="addCustomerTest" time="4.555" classname="com.w2a.testcases.AddCustomerTest"/>
  <testcase name="addCustomerTest" time="4.943" classname="com.w2a.testcases.AddCustomerTest"/>
</testsuite> <!-- com.w2a.testcases.AddCustomerTest -->
